{"artifact":"/Users/bogdan/Work/betterpt-k8s/rust-graphql-example/target/rls/debug/deps/unicode_xid-abb5d29a78bc2c00.d","emit":"dep-info"}
{"artifact":"/Users/bogdan/Work/betterpt-k8s/rust-graphql-example/target/rls/debug/deps/save-analysis/libunicode_xid-abb5d29a78bc2c00.json","emit":"save-analysis"}
{"artifact":"/Users/bogdan/Work/betterpt-k8s/rust-graphql-example/target/rls/debug/deps/libunicode_xid-abb5d29a78bc2c00.rmeta","emit":"metadata"}
{"artifact":"/Users/bogdan/Work/betterpt-k8s/rust-graphql-example/target/rls/debug/deps/semver_parser-ac664d6bd56ddc1d.d","emit":"dep-info"}
{"artifact":"/Users/bogdan/Work/betterpt-k8s/rust-graphql-example/target/rls/debug/deps/libunicode_xid-abb5d29a78bc2c00.rlib","emit":"link"}
{"artifact":"/Users/bogdan/Work/betterpt-k8s/rust-graphql-example/target/rls/debug/deps/save-analysis/libsemver_parser-ac664d6bd56ddc1d.json","emit":"save-analysis"}
{"artifact":"/Users/bogdan/Work/betterpt-k8s/rust-graphql-example/target/rls/debug/deps/libsemver_parser-ac664d6bd56ddc1d.rmeta","emit":"metadata"}
{"artifact":"/Users/bogdan/Work/betterpt-k8s/rust-graphql-example/target/rls/debug/deps/unicode_xid-1169d0562c5f9e98.d","emit":"dep-info"}
{"artifact":"/Users/bogdan/Work/betterpt-k8s/rust-graphql-example/target/rls/debug/deps/save-analysis/libunicode_xid-1169d0562c5f9e98.json","emit":"save-analysis"}
{"artifact":"/Users/bogdan/Work/betterpt-k8s/rust-graphql-example/target/rls/debug/deps/libunicode_xid-1169d0562c5f9e98.rmeta","emit":"metadata"}
{"artifact":"/Users/bogdan/Work/betterpt-k8s/rust-graphql-example/target/rls/debug/deps/libunicode_xid-1169d0562c5f9e98.rlib","emit":"link"}
{"artifact":"/Users/bogdan/Work/betterpt-k8s/rust-graphql-example/target/rls/debug/deps/lazy_static-54f6719b7f227f36.d","emit":"dep-info"}
{"artifact":"/Users/bogdan/Work/betterpt-k8s/rust-graphql-example/target/rls/debug/deps/save-analysis/liblazy_static-54f6719b7f227f36.json","emit":"save-analysis"}
{"artifact":"/Users/bogdan/Work/betterpt-k8s/rust-graphql-example/target/rls/debug/deps/liblazy_static-54f6719b7f227f36.rmeta","emit":"metadata"}
{"artifact":"/Users/bogdan/Work/betterpt-k8s/rust-graphql-example/target/rls/debug/deps/liblazy_static-54f6719b7f227f36.rlib","emit":"link"}
{"artifact":"/Users/bogdan/Work/betterpt-k8s/rust-graphql-example/target/rls/debug/deps/libsemver_parser-ac664d6bd56ddc1d.rlib","emit":"link"}
{"artifact":"/Users/bogdan/Work/betterpt-k8s/rust-graphql-example/target/rls/debug/deps/regex_syntax-ed21c54742ed9404.d","emit":"dep-info"}
{"artifact":"/Users/bogdan/Work/betterpt-k8s/rust-graphql-example/target/rls/debug/deps/cfg_if-224cafc4b959bbef.d","emit":"dep-info"}
{"artifact":"/Users/bogdan/Work/betterpt-k8s/rust-graphql-example/target/rls/debug/deps/save-analysis/libcfg_if-224cafc4b959bbef.json","emit":"save-analysis"}
{"artifact":"/Users/bogdan/Work/betterpt-k8s/rust-graphql-example/target/rls/debug/deps/libcfg_if-224cafc4b959bbef.rmeta","emit":"metadata"}
{"artifact":"/Users/bogdan/Work/betterpt-k8s/rust-graphql-example/target/rls/debug/deps/libcfg_if-224cafc4b959bbef.rlib","emit":"link"}
{"artifact":"/Users/bogdan/Work/betterpt-k8s/rust-graphql-example/target/rls/debug/deps/save-analysis/libregex_syntax-ed21c54742ed9404.json","emit":"save-analysis"}
{"artifact":"/Users/bogdan/Work/betterpt-k8s/rust-graphql-example/target/rls/debug/deps/thread_local-da7a14d90ed8ffc9.d","emit":"dep-info"}
{"artifact":"/Users/bogdan/Work/betterpt-k8s/rust-graphql-example/target/rls/debug/deps/semver-1f23dd61060026dd.d","emit":"dep-info"}
{"artifact":"/Users/bogdan/Work/betterpt-k8s/rust-graphql-example/target/rls/debug/deps/save-analysis/libthread_local-da7a14d90ed8ffc9.json","emit":"save-analysis"}
{"artifact":"/Users/bogdan/Work/betterpt-k8s/rust-graphql-example/target/rls/debug/deps/libthread_local-da7a14d90ed8ffc9.rmeta","emit":"metadata"}
{"artifact":"/Users/bogdan/Work/betterpt-k8s/rust-graphql-example/target/rls/debug/deps/libregex_syntax-ed21c54742ed9404.rmeta","emit":"metadata"}
{"artifact":"/Users/bogdan/Work/betterpt-k8s/rust-graphql-example/target/rls/debug/deps/libthread_local-da7a14d90ed8ffc9.rlib","emit":"link"}
{"artifact":"/Users/bogdan/Work/betterpt-k8s/rust-graphql-example/target/rls/debug/deps/save-analysis/libsemver-1f23dd61060026dd.json","emit":"save-analysis"}
{"artifact":"/Users/bogdan/Work/betterpt-k8s/rust-graphql-example/target/rls/debug/deps/libsemver-1f23dd61060026dd.rmeta","emit":"metadata"}
{"artifact":"/Users/bogdan/Work/betterpt-k8s/rust-graphql-example/target/rls/debug/deps/libsemver-1f23dd61060026dd.rlib","emit":"link"}
{"artifact":"/Users/bogdan/Work/betterpt-k8s/rust-graphql-example/target/rls/debug/deps/memchr-17f0eac9c81483b9.d","emit":"dep-info"}
{"artifact":"/Users/bogdan/Work/betterpt-k8s/rust-graphql-example/target/rls/debug/deps/save-analysis/libmemchr-17f0eac9c81483b9.json","emit":"save-analysis"}
{"artifact":"/Users/bogdan/Work/betterpt-k8s/rust-graphql-example/target/rls/debug/deps/proc_macro2-83a215e5478a3d32.d","emit":"dep-info"}
{"artifact":"/Users/bogdan/Work/betterpt-k8s/rust-graphql-example/target/rls/debug/deps/libmemchr-17f0eac9c81483b9.rmeta","emit":"metadata"}
{"artifact":"/Users/bogdan/Work/betterpt-k8s/rust-graphql-example/target/rls/debug/deps/libc-6636b9561ae74e1d.d","emit":"dep-info"}
{"artifact":"/Users/bogdan/Work/betterpt-k8s/rust-graphql-example/target/rls/debug/deps/libmemchr-17f0eac9c81483b9.rlib","emit":"link"}
{"artifact":"/Users/bogdan/Work/betterpt-k8s/rust-graphql-example/target/rls/debug/deps/save-analysis/libproc_macro2-83a215e5478a3d32.json","emit":"save-analysis"}
{"artifact":"/Users/bogdan/Work/betterpt-k8s/rust-graphql-example/target/rls/debug/deps/liblibc-6636b9561ae74e1d.rmeta","emit":"metadata"}
{"artifact":"/Users/bogdan/Work/betterpt-k8s/rust-graphql-example/target/rls/debug/deps/proc_macro2-7676d65963da860e.d","emit":"dep-info"}
{"artifact":"/Users/bogdan/Work/betterpt-k8s/rust-graphql-example/target/rls/debug/deps/libproc_macro2-83a215e5478a3d32.rmeta","emit":"metadata"}
{"artifact":"/Users/bogdan/Work/betterpt-k8s/rust-graphql-example/target/rls/debug/deps/liblibc-6636b9561ae74e1d.rlib","emit":"link"}
{"artifact":"/Users/bogdan/Work/betterpt-k8s/rust-graphql-example/target/rls/debug/deps/save-analysis/libproc_macro2-7676d65963da860e.json","emit":"save-analysis"}
{"artifact":"/Users/bogdan/Work/betterpt-k8s/rust-graphql-example/target/rls/debug/deps/libproc_macro2-7676d65963da860e.rmeta","emit":"metadata"}
{"artifact":"/Users/bogdan/Work/betterpt-k8s/rust-graphql-example/target/rls/debug/deps/libproc_macro2-83a215e5478a3d32.rlib","emit":"link"}
{"artifact":"/Users/bogdan/Work/betterpt-k8s/rust-graphql-example/target/rls/debug/deps/libregex_syntax-ed21c54742ed9404.rlib","emit":"link"}
{"artifact":"/Users/bogdan/Work/betterpt-k8s/rust-graphql-example/target/rls/debug/deps/libproc_macro2-7676d65963da860e.rlib","emit":"link"}
{"artifact":"/Users/bogdan/Work/betterpt-k8s/rust-graphql-example/target/rls/debug/deps/aho_corasick-6199cd64ed44c544.d","emit":"dep-info"}
{"artifact":"/Users/bogdan/Work/betterpt-k8s/rust-graphql-example/target/rls/debug/deps/save-analysis/libaho_corasick-6199cd64ed44c544.json","emit":"save-analysis"}
{"artifact":"/Users/bogdan/Work/betterpt-k8s/rust-graphql-example/target/rls/debug/deps/quote-47c4bb5fe319e82e.d","emit":"dep-info"}
{"artifact":"/Users/bogdan/Work/betterpt-k8s/rust-graphql-example/target/rls/debug/deps/quote-aa85dd034684441a.d","emit":"dep-info"}
{"artifact":"/Users/bogdan/Work/betterpt-k8s/rust-graphql-example/target/rls/debug/deps/libaho_corasick-6199cd64ed44c544.rmeta","emit":"metadata"}
{"artifact":"/Users/bogdan/Work/betterpt-k8s/rust-graphql-example/target/rls/debug/deps/save-analysis/libquote-aa85dd034684441a.json","emit":"save-analysis"}
{"artifact":"/Users/bogdan/Work/betterpt-k8s/rust-graphql-example/target/rls/debug/deps/save-analysis/libquote-47c4bb5fe319e82e.json","emit":"save-analysis"}
{"artifact":"/Users/bogdan/Work/betterpt-k8s/rust-graphql-example/target/rls/debug/deps/libquote-aa85dd034684441a.rmeta","emit":"metadata"}
{"artifact":"/Users/bogdan/Work/betterpt-k8s/rust-graphql-example/target/rls/debug/deps/libquote-47c4bb5fe319e82e.rmeta","emit":"metadata"}
{"artifact":"/Users/bogdan/Work/betterpt-k8s/rust-graphql-example/target/rls/debug/deps/libquote-aa85dd034684441a.rlib","emit":"link"}
{"artifact":"/Users/bogdan/Work/betterpt-k8s/rust-graphql-example/target/rls/debug/deps/libquote-47c4bb5fe319e82e.rlib","emit":"link"}
{"artifact":"/Users/bogdan/Work/betterpt-k8s/rust-graphql-example/target/rls/debug/deps/libaho_corasick-6199cd64ed44c544.rlib","emit":"link"}
{"artifact":"/Users/bogdan/Work/betterpt-k8s/rust-graphql-example/target/rls/debug/deps/syn-f65446ee0b58bfa4.d","emit":"dep-info"}
{"artifact":"/Users/bogdan/Work/betterpt-k8s/rust-graphql-example/target/rls/debug/deps/save-analysis/libsyn-f65446ee0b58bfa4.json","emit":"save-analysis"}
{"artifact":"/Users/bogdan/Work/betterpt-k8s/rust-graphql-example/target/rls/debug/deps/libsyn-f65446ee0b58bfa4.rmeta","emit":"metadata"}
{"artifact":"/Users/bogdan/Work/betterpt-k8s/rust-graphql-example/target/rls/debug/deps/libsyn-f65446ee0b58bfa4.rlib","emit":"link"}
error: expected one of `.`, `;`, `?`, `}`, or an operator, found `println`
  --> <stdin>:16:9
   |
15 |         HttpResponse::Ok().body("Hello world!")
   |                                                - expected one of `.`, `;`, `?`, `}`, or an operator
16 |         println!("Server is running!");
   |         ^^^^^^^ unexpected token

error: expected one of `.`, `;`, `?`, `}`, or an operator, found `println`
  --> <stdin>:16:9
   |
15 |         HttpResponse::Ok().body("Hello world!")
   |                                                - expected one of `.`, `;`, `?`, `}`, or an operator
16 |         println("Server is running!");
   |         ^^^^^^^ unexpected token

error: expected one of `.`, `;`, `?`, `}`, or an operator, found `println`
  --> <stdin>:16:9
   |
15 |         HttpResponse::Ok().body("Hello world!")
   |                                                - expected one of `.`, `;`, `?`, `}`, or an operator
16 |         println!("Server is running!");
   |         ^^^^^^^ unexpected token

error: expected `;`, found `{`
 --> <stdin>:1:45
  |
1 | pub use actix_http::Response as HttpResponse{}
  |                                             ^ expected `;`

[2020-06-11T11:46:58Z ERROR rls::actions::hover] format_object: error: Failed, input: "pub use actix_http::Response as HttpResponse{}"
error: expected `;`, found `{`
 --> <stdin>:1:45
  |
1 | pub use actix_http::Response as HttpResponse{}
  |                                             ^ expected `;`

[2020-06-11T11:47:03Z ERROR rls::actions::hover] format_object: error: Failed, input: "pub use actix_http::Response as HttpResponse{}"
error: expected `;`, found `{`
 --> <stdin>:1:45
  |
1 | pub use actix_http::Response as HttpResponse{}
  |                                             ^ expected `;`

[2020-06-11T11:47:03Z ERROR rls::actions::hover] format_object: error: Failed, input: "pub use actix_http::Response as HttpResponse{}"
error: expected `;`, found `{`
 --> <stdin>:1:45
  |
1 | pub use actix_http::Response as HttpResponse{}
  |                                             ^ expected `;`

[2020-06-11T12:18:03Z ERROR rls::actions::hover] format_object: error: Failed, input: "pub use actix_http::Response as HttpResponse{}"
